<?xml version="1.0" encoding="UTF-8"?>
<!-- Generated by org.testng.reporters.JUnitReportReporter -->
<testsuite hostname="INL-FCNZG63" failures="0" tests="3" name="test.AmazonTest" time="14.101" errors="0" timestamp="2024-04-08T11:27:23 IST" skipped="0">
  <testcase classname="test.AmazonTest" name="SearchAndClickFirstProduct" time="11.461"/>
  <testcase classname="test.AmazonTest" name="proceedBuy" time="2.470"/>
  <testcase classname="test.AmazonTest" name="addToCart" time="0.170"/>
</testsuite> <!-- test.AmazonTest -->
